# JRE version: Java(TM) SE Runtime Environment (8.0_172-b11) (build 1.8.0_172-b11)
# Java VM: Java HotSpot(TM) 64-Bit Server VM (25.172-b11 mixed mode windows-amd64 compressed oops)
Heap:
 PSYoungGen      total 73216K, used 1286K [0x00000000eb180000, 0x00000000f0080000, 0x0000000100000000)
  eden space 65536K, 1% used [0x00000000eb180000,0x00000000eb2c19b0,0x00000000ef180000)
  from space 7680K, 0% used [0x00000000ef180000,0x00000000ef180000,0x00000000ef900000)
  to   space 7680K, 0% used [0x00000000ef900000,0x00000000ef900000,0x00000000f0080000)
 ParOldGen       total 39936K, used 11645K [0x00000000c1400000, 0x00000000c3b00000, 0x00000000eb180000)
  object space 39936K, 29% used [0x00000000c1400000,0x00000000c1f5f460,0x00000000c3b00000)
 Metaspace       used 20946K, capacity 21338K, committed 21552K, reserved 1069056K
  class space    used 2552K, capacity 2671K, committed 2688K, reserved 1048576K
GC Heap History (10 events):
Event: 2.640 GC heap before
{Heap before GC invocations=4 (full 0):
 PSYoungGen      total 18944K, used 18920K [0x00000000eb180000, 0x00000000ed680000, 0x0000000100000000)
  eden space 16384K, 100% used [0x00000000eb180000,0x00000000ec180000,0x00000000ec180000)
  from space 2560K, 99% used [0x00000000ec180000,0x00000000ec3fa020,0x00000000ec400000)
  to   space 2560K, 0% used [0x00000000ed400000,0x00000000ed400000,0x00000000ed680000)
 ParOldGen       total 44032K, used 3657K [0x00000000c1400000, 0x00000000c3f00000, 0x00000000eb180000)
  object space 44032K, 8% used [0x00000000c1400000,0x00000000c17926f8,0x00000000c3f00000)
 Metaspace       used 12106K, capacity 12378K, committed 12672K, reserved 1060864K
  class space    used 1490K, capacity 1575K, committed 1664K, reserved 1048576K
Event: 2.646 GC heap after
Heap after GC invocations=4 (full 0):
 PSYoungGen      total 35328K, used 2552K [0x00000000eb180000, 0x00000000ed680000, 0x0000000100000000)
  eden space 32768K, 0% used [0x00000000eb180000,0x00000000eb180000,0x00000000ed180000)
  from space 2560K, 99% used [0x00000000ed400000,0x00000000ed67e030,0x00000000ed680000)
  to   space 2560K, 0% used [0x00000000ed180000,0x00000000ed180000,0x00000000ed400000)
 ParOldGen       total 44032K, used 6047K [0x00000000c1400000, 0x00000000c3f00000, 0x00000000eb180000)
  object space 44032K, 13% used [0x00000000c1400000,0x00000000c19e7ec0,0x00000000c3f00000)
 Metaspace       used 12106K, capacity 12378K, committed 12672K, reserved 1060864K
  class space    used 1490K, capacity 1575K, committed 1664K, reserved 1048576K
}
Event: 4.286 GC heap before
{Heap before GC invocations=5 (full 0):
 PSYoungGen      total 35328K, used 35320K [0x00000000eb180000, 0x00000000ed680000, 0x0000000100000000)
  eden space 32768K, 100% used [0x00000000eb180000,0x00000000ed180000,0x00000000ed180000)
  from space 2560K, 99% used [0x00000000ed400000,0x00000000ed67e030,0x00000000ed680000)
  to   space 2560K, 0% used [0x00000000ed180000,0x00000000ed180000,0x00000000ed400000)
 ParOldGen       total 44032K, used 6047K [0x00000000c1400000, 0x00000000c3f00000, 0x00000000eb180000)
  object space 44032K, 13% used [0x00000000c1400000,0x00000000c19e7ec0,0x00000000c3f00000)
 Metaspace       used 15609K, capacity 15890K, committed 16128K, reserved 1062912K
  class space    used 1913K, capacity 2005K, committed 2048K, reserved 1048576K
Event: 4.294 GC heap after
Heap after GC invocations=5 (full 0):
 PSYoungGen      total 35328K, used 2552K [0x00000000eb180000, 0x00000000f0080000, 0x0000000100000000)
  eden space 32768K, 0% used [0x00000000eb180000,0x00000000eb180000,0x00000000ed180000)
  from space 2560K, 99% used [0x00000000ed180000,0x00000000ed3fe030,0x00000000ed400000)
  to   space 7680K, 0% used [0x00000000ef900000,0x00000000ef900000,0x00000000f0080000)
 ParOldGen       total 44032K, used 10657K [0x00000000c1400000, 0x00000000c3f00000, 0x00000000eb180000)
  object space 44032K, 24% used [0x00000000c1400000,0x00000000c1e685d8,0x00000000c3f00000)
 Metaspace       used 15609K, capacity 15890K, committed 16128K, reserved 1062912K
  class space    used 1913K, capacity 2005K, committed 2048K, reserved 1048576K
}
Event: 6.045 GC heap before
{Heap before GC invocations=6 (full 0):
 PSYoungGen      total 35328K, used 35320K [0x00000000eb180000, 0x00000000f0080000, 0x0000000100000000)
  eden space 32768K, 100% used [0x00000000eb180000,0x00000000ed180000,0x00000000ed180000)
  from space 2560K, 99% used [0x00000000ed180000,0x00000000ed3fe030,0x00000000ed400000)
  to   space 7680K, 0% used [0x00000000ef900000,0x00000000ef900000,0x00000000f0080000)
 ParOldGen       total 44032K, used 10657K [0x00000000c1400000, 0x00000000c3f00000, 0x00000000eb180000)
  object space 44032K, 24% used [0x00000000c1400000,0x00000000c1e685d8,0x00000000c3f00000)
 Metaspace       used 16755K, capacity 17046K, committed 17280K, reserved 1064960K
  class space    used 2023K, capacity 2111K, committed 2176K, reserved 1048576K
Event: 6.054 GC heap after
Heap after GC invocations=6 (full 0):
 PSYoungGen      total 73216K, used 5398K [0x00000000eb180000, 0x00000000f0080000, 0x0000000100000000)
  eden space 65536K, 0% used [0x00000000eb180000,0x00000000eb180000,0x00000000ef180000)
  from space 7680K, 70% used [0x00000000ef900000,0x00000000efe45948,0x00000000f0080000)
  to   space 7680K, 0% used [0x00000000ef180000,0x00000000ef180000,0x00000000ef900000)
 ParOldGen       total 44032K, used 10657K [0x00000000c1400000, 0x00000000c3f00000, 0x00000000eb180000)
  object space 44032K, 24% used [0x00000000c1400000,0x00000000c1e685d8,0x00000000c3f00000)
 Metaspace       used 16755K, capacity 17046K, committed 17280K, reserved 1064960K
  class space    used 2023K, capacity 2111K, committed 2176K, reserved 1048576K
}
Event: 8.222 GC heap before
{Heap before GC invocations=7 (full 0):
 PSYoungGen      total 73216K, used 45792K [0x00000000eb180000, 0x00000000f0080000, 0x0000000100000000)
  eden space 65536K, 61% used [0x00000000eb180000,0x00000000ed8f27d0,0x00000000ef180000)
  from space 7680K, 70% used [0x00000000ef900000,0x00000000efe45948,0x00000000f0080000)
  to   space 7680K, 0% used [0x00000000ef180000,0x00000000ef180000,0x00000000ef900000)
 ParOldGen       total 44032K, used 10657K [0x00000000c1400000, 0x00000000c3f00000, 0x00000000eb180000)
  object space 44032K, 24% used [0x00000000c1400000,0x00000000c1e685d8,0x00000000c3f00000)
 Metaspace       used 20754K, capacity 21114K, committed 21296K, reserved 1069056K
  class space    used 2520K, capacity 2639K, committed 2688K, reserved 1048576K
Event: 8.251 GC heap after
Heap after GC invocations=7 (full 0):
 PSYoungGen      total 73216K, used 6345K [0x00000000eb180000, 0x00000000f0080000, 0x0000000100000000)
  eden space 65536K, 0% used [0x00000000eb180000,0x00000000eb180000,0x00000000ef180000)
  from space 7680K, 82% used [0x00000000ef180000,0x00000000ef7b26a8,0x00000000ef900000)
  to   space 7680K, 0% used [0x00000000ef900000,0x00000000ef900000,0x00000000f0080000)
 ParOldGen       total 44032K, used 11425K [0x00000000c1400000, 0x00000000c3f00000, 0x00000000eb180000)
  object space 44032K, 25% used [0x00000000c1400000,0x00000000c1f28668,0x00000000c3f00000)
 Metaspace       used 20754K, capacity 21114K, committed 21296K, reserved 1069056K
  class space    used 2520K, capacity 2639K, committed 2688K, reserved 1048576K
}
Event: 8.251 GC heap before
{Heap before GC invocations=8 (full 1):
 PSYoungGen      total 73216K, used 6345K [0x00000000eb180000, 0x00000000f0080000, 0x0000000100000000)
  eden space 65536K, 0% used [0x00000000eb180000,0x00000000eb180000,0x00000000ef180000)
  from space 7680K, 82% used [0x00000000ef180000,0x00000000ef7b26a8,0x00000000ef900000)
  to   space 7680K, 0% used [0x00000000ef900000,0x00000000ef900000,0x00000000f0080000)
 ParOldGen       total 44032K, used 11425K [0x00000000c1400000, 0x00000000c3f00000, 0x00000000eb180000)
  object space 44032K, 25% used [0x00000000c1400000,0x00000000c1f28668,0x00000000c3f00000)
 Metaspace       used 20754K, capacity 21114K, committed 21296K, reserved 1069056K
  class space    used 2520K, capacity 2639K, committed 2688K, reserved 1048576K
Event: 8.329 GC heap after
Heap after GC invocations=8 (full 1):
 PSYoungGen      total 73216K, used 0K [0x00000000eb180000, 0x00000000f0080000, 0x0000000100000000)
  eden space 65536K, 0% used [0x00000000eb180000,0x00000000eb180000,0x00000000ef180000)
  from space 7680K, 0% used [0x00000000ef180000,0x00000000ef180000,0x00000000ef900000)
  to   space 7680K, 0% used [0x00000000ef900000,0x00000000ef900000,0x00000000f0080000)
 ParOldGen       total 39936K, used 11645K [0x00000000c1400000, 0x00000000c3b00000, 0x00000000eb180000)
  object space 39936K, 29% used [0x00000000c1400000,0x00000000c1f5f460,0x00000000c3b00000)
 Metaspace       used 20754K, capacity 21114K, committed 21296K, reserved 1069056K
  class space    used 2520K, capacity 2639K, committed 2688K, reserved 1048576K
}

